Building documentation...
Initializing...
Merging XML documentation...
Building file mapping...
Loading XSLT files...
    namespace.xslt
    namespacehierarchy.xslt
    type.xslt
    typehierarchy.xslt
    allmembers.xslt
    individualmembers.xslt
    event.xslt
    member.xslt
    memberoverload.xslt
    property.xslt
    field.xslt
    htmlcontents.xslt
Generating HTML pages...
DotGrid.Database.html
DotGrid.DatabaseHierarchy.html
DotGrid.Database.UserAccounts.html
DotGrid.Database.UserAccountsMembers.html
DotGrid.Database.UserAccountsConstructor.html
DotGrid.Database.UserAccountsMethods.html
DotGrid.Database.UserAccounts.AddUser.html
DotGrid.Database.UserAccounts.DeleteUser.html
DotGrid.Database.UserAccounts.LoginAndGetUserPermissions.html
DotGrid.Database.UserAccounts.LoginUser.html
DotGrid.Database.UserAccounts.UpdateUserPermisions.html
DotGrid.DotDfs.html
DotGrid.DotDfsHierarchy.html
DotGrid.DotDfs.DirectoryMovementClient.html
DotGrid.DotDfs.DirectoryMovementClientMembers.html
DotGrid.DotDfs.DirectoryMovementClientConstructor.html
DotGrid.DotDfs.DirectoryMovementClientMethods.html
DotGrid.DotDfs.DirectoryMovementClient.Close.html
DotGrid.DotDfs.DirectoryMovementClient.CreateDirectory.html
DotGrid.DotDfs.DirectoryMovementClient.DeleteDirectory.html
DotGrid.DotDfs.DirectoryMovementClient.DeleteFile.html
DotGrid.DotDfs.DirectoryMovementClient.DownloadFile.html
DotGrid.DotDfs.DirectoryMovementClient.ExistsDirectory.html
DotGrid.DotDfs.DirectoryMovementClient.ExistsFile.html
DotGrid.DotDfs.DirectoryMovementClient.GetCurrentDirectory.html
DotGrid.DotDfs.DirectoryMovementClient.GetDirectories.html
DotGrid.DotDfs.DirectoryMovementClient.GetFiles.html
DotGrid.DotDfs.DirectoryMovementClient.GetFileSize.html
DotGrid.DotDfs.DirectoryMovementClient.MoveDirectory.html
DotGrid.DotDfs.DirectoryMovementClient.UploadFile.html
DotGrid.DotDfs.DotDfsFileStream.html
DotGrid.DotDfs.DotDfsFileStreamMembers.html
DotGrid.DotDfs.DotDfsFileStreamConstructor.html
DotGrid.DotDfs.DotDfsFileStreamProperties.html
DotGrid.DotDfs.DotDfsFileStream.CanRead.html
DotGrid.DotDfs.DotDfsFileStream.CanSeek.html
DotGrid.DotDfs.DotDfsFileStream.CanWrite.html
DotGrid.DotDfs.DotDfsFileStream.Length.html
DotGrid.DotDfs.DotDfsFileStream.Name.html
DotGrid.DotDfs.DotDfsFileStream.Position.html
DotGrid.DotDfs.DotDfsFileStreamMethods.html
DotGrid.DotDfs.DotDfsFileStream.Close.html
DotGrid.DotDfs.DotDfsFileStream.Dispose.html
DotGrid.DotDfs.DotDfsFileStream.Flush.html
DotGrid.DotDfs.DotDfsFileStream.Lock.html
DotGrid.DotDfs.DotDfsFileStream.Read.html
DotGrid.DotDfs.DotDfsFileStream.Seek.html
DotGrid.DotDfs.DotDfsFileStream.SetLength.html
DotGrid.DotDfs.DotDfsFileStream.UnLock.html
DotGrid.DotDfs.DotDfsFileStream.Write.html
DotGrid.DotDfs.DotDfsServer.html
DotGrid.DotDfs.DotDfsServerMembers.html
DotGrid.DotDfs.DotDfsServerConstructor.html
DotGrid.DotDfs.DotDfsServerMethods.html
DotGrid.DotDfs.DotDfsServer.Close.html
DotGrid.DotDfs.DotDfsServer.Start.html
DotGrid.DotDfs.DownloadDirectoryClient.html
DotGrid.DotDfs.DownloadDirectoryClientMembers.html
DotGrid.DotDfs.DownloadDirectoryClientConstructor.html
DotGrid.DotDfs.DownloadDirectoryClientProperties.html
DotGrid.DotDfs.DownloadDirectoryClient.CompletedPercentage.html
DotGrid.DotDfs.DownloadDirectoryClient.CurrentTransferredBytes.html
DotGrid.DotDfs.DownloadDirectoryClient.LocalDirectoryPath.html
DotGrid.DotDfs.DownloadDirectoryClient.RemoteDirectoryPath.html
DotGrid.DotDfs.DownloadDirectoryClient.ThrownExceptions.html
DotGrid.DotDfs.DownloadDirectoryClient.TotalElapsedTime.html
DotGrid.DotDfs.DownloadDirectoryClientMethods.html
DotGrid.DotDfs.DownloadDirectoryClient.AddCurrentCompletedFileCount.html
DotGrid.DotDfs.DownloadDirectoryClient.Close.html
DotGrid.DotDfs.DownloadDirectoryClient.DequeueNewFile.html
DotGrid.DotDfs.DownloadDirectoryClient.Run.html
DotGrid.DotDfs.FileTransferDownload.html
DotGrid.DotDfs.FileTransferDownloadMembers.html
DotGrid.DotDfs.FileTransferDownloadConstructor.html
DotGrid.DotDfs.FileTransferDownloadProperties.html
DotGrid.DotDfs.FileTransferDownload.CurrentTransferredBytes.html
DotGrid.DotDfs.FileTransferDownload.TotalElapsedTime.html
DotGrid.DotDfs.FileTransferDownloadMethods.html
DotGrid.DotDfs.FileTransferDownload.Close.html
DotGrid.DotDfs.FileTransferDownload.Run.html
DotGrid.DotDfs.FileTransferUpload.html
DotGrid.DotDfs.FileTransferUploadMembers.html
DotGrid.DotDfs.FileTransferUploadConstructor.html
DotGrid.DotDfs.FileTransferUploadProperties.html
DotGrid.DotDfs.FileTransferUpload.CurrentTransferredBytes.html
DotGrid.DotDfs.FileTransferUpload.TotalElapsedTime.html
DotGrid.DotDfs.FileTransferUploadMethods.html
DotGrid.DotDfs.FileTransferUpload.Close.html
DotGrid.DotDfs.FileTransferUpload.Run.html
DotGrid.DotDfs.UploadDirectoryClient.html
DotGrid.DotDfs.UploadDirectoryClientMembers.html
DotGrid.DotDfs.UploadDirectoryClientConstructor.html
DotGrid.DotDfs.UploadDirectoryClientProperties.html
DotGrid.DotDfs.UploadDirectoryClient.CompletedPercentage.html
DotGrid.DotDfs.UploadDirectoryClient.CurrentTransferredBytes.html
DotGrid.DotDfs.UploadDirectoryClient.LocalDirectoryPath.html
DotGrid.DotDfs.UploadDirectoryClient.RemoteDirectoryPath.html
DotGrid.DotDfs.UploadDirectoryClient.ThrownExceptions.html
DotGrid.DotDfs.UploadDirectoryClient.TotalElapsedTime.html
DotGrid.DotDfs.UploadDirectoryClientMethods.html
DotGrid.DotDfs.UploadDirectoryClient.AddCurrentCompletedFileCount.html
DotGrid.DotDfs.UploadDirectoryClient.Close.html
DotGrid.DotDfs.UploadDirectoryClient.DequeueNewFile.html
DotGrid.DotDfs.UploadDirectoryClient.Run.html
DotGrid.DotRemoteProcess.html
DotGrid.DotRemoteProcessHierarchy.html
DotGrid.DotRemoteProcess.DotRemoteProcessClient.html
DotGrid.DotRemoteProcess.DotRemoteProcessClientMembers.html
DotGrid.DotRemoteProcess.DotRemoteProcessClientConstructor.html
DotGrid.DotRemoteProcess.DotRemoteProcessClientConstructor1.html
DotGrid.DotRemoteProcess.DotRemoteProcessClientConstructor2.html
DotGrid.DotRemoteProcess.DotRemoteProcessClientConstructor3.html
DotGrid.DotRemoteProcess.DotRemoteProcessClientProperties.html
DotGrid.DotRemoteProcess.DotRemoteProcessClient.ExitTime.html
DotGrid.DotRemoteProcess.DotRemoteProcessClient.ProcessInfo.html
DotGrid.DotRemoteProcess.DotRemoteProcessClientMethods.html
DotGrid.DotRemoteProcess.DotRemoteProcessClient.Close.html
DotGrid.DotRemoteProcess.DotRemoteProcessClient.GetRemoteProcesses.html
DotGrid.DotRemoteProcess.DotRemoteProcessClient.GetRemoteProcessInfoById.html
DotGrid.DotRemoteProcess.DotRemoteProcessClient.Kill.html
DotGrid.DotRemoteProcess.DotRemoteProcessClient.KillById.html
DotGrid.DotRemoteProcess.DotRemoteProcessClient.Refresh.html
DotGrid.DotRemoteProcess.DotRemoteProcessClient.Start.html
DotGrid.DotRemoteProcess.RemoteProcessInfo.html
DotGrid.DotRemoteProcess.RemoteProcessInfoMembers.html
DotGrid.DotRemoteProcess.RemoteProcessInfoConstructor.html
DotGrid.DotRemoteProcess.RemoteProcessInfoProperties.html
DotGrid.DotRemoteProcess.RemoteProcessInfo.HandleCount.html
DotGrid.DotRemoteProcess.RemoteProcessInfo.HasExited.html
DotGrid.DotRemoteProcess.RemoteProcessInfo.Id.html
DotGrid.DotRemoteProcess.RemoteProcessInfo.NonpagedSystemMemorySize.html
DotGrid.DotRemoteProcess.RemoteProcessInfo.PagedMemorySize.html
DotGrid.DotRemoteProcess.RemoteProcessInfo.PagedSystemMemorySize.html
DotGrid.DotRemoteProcess.RemoteProcessInfo.PeakPagedMemorySize.html
DotGrid.DotRemoteProcess.RemoteProcessInfo.PeakWorkingSet.html
DotGrid.DotRemoteProcess.RemoteProcessInfo.PrivateMemorySize.html
DotGrid.DotRemoteProcess.RemoteProcessInfo.ProcessName.html
DotGrid.DotRemoteProcess.RemoteProcessInfo.Responding.html
DotGrid.DotRemoteProcess.RemoteProcessInfo.StartTime.html
DotGrid.DotRemoteProcess.RemoteProcessInfo.TotalProcessorTime.html
DotGrid.DotRemoteProcess.RemoteProcessInfo.UserProcessorTime.html
DotGrid.DotRemoteProcess.RemoteProcessInfo.VirtualMemorySize.html
DotGrid.DotRemoteProcess.RemoteProcessInfo.WorkingSet.html
DotGrid.DotRemoteProcess.RemoteProcessStartInfo.html
DotGrid.DotRemoteProcess.RemoteProcessStartInfoMembers.html
DotGrid.DotRemoteProcess.RemoteProcessStartInfoConstructor.html
DotGrid.DotRemoteProcess.RemoteProcessStartInfoConstructor1.html
DotGrid.DotRemoteProcess.RemoteProcessStartInfoConstructor2.html
DotGrid.DotRemoteProcess.RemoteProcessStartInfoProperties.html
DotGrid.DotRemoteProcess.RemoteProcessStartInfo.Arguments.html
DotGrid.DotRemoteProcess.RemoteProcessStartInfo.Dependencies.html
DotGrid.DotRemoteProcess.RemoteProcessStartInfo.FileName.html
DotGrid.DotRemoteProcess.RemoteProcessStartInfo.GUID.html
DotGrid.DotRemoteProcess.RemoteProcessStartInfo.Verb.html
DotGrid.DotSec.html
DotGrid.DotSecHierarchy.html
DotGrid.DotSec.Authentication.html
DotGrid.DotSec.AuthenticationMembers.html
DotGrid.DotSec.AuthenticationConstructor.html
DotGrid.DotSec.MD5.html
DotGrid.DotSec.MD5Members.html
DotGrid.DotSec.MD5Constructor.html
DotGrid.DotSec.MD5Methods.html
DotGrid.DotSec.MD5.MD5hash_overloads.html
DotGrid.DotSec.MD5.MD5hash_overload_1.html
DotGrid.DotSec.MD5.MD5hash_overload_2.html
DotGrid.DotSec.RC2Encryption.html
DotGrid.DotSec.RC2EncryptionMembers.html
DotGrid.DotSec.RC2EncryptionConstructor.html
DotGrid.DotSec.RC2EncryptionConstructor1.html
DotGrid.DotSec.RC2EncryptionConstructor2.html
DotGrid.DotSec.RC2EncryptionConstructor3.html
DotGrid.DotSec.RC2EncryptionProperties.html
DotGrid.DotSec.RC2Encryption.Iv.html
DotGrid.DotSec.RC2Encryption.Key.html
DotGrid.DotSec.RC2EncryptionMethods.html
DotGrid.DotSec.RC2Encryption.Base64StringToBinary.html
DotGrid.DotSec.RC2Encryption.BinaryToBase64String.html
DotGrid.DotSec.RC2Encryption.BinaryToString.html
DotGrid.DotSec.RC2Encryption.decrypt.html
DotGrid.DotSec.RC2Encryption.encrypt_overloads.html
DotGrid.DotSec.RC2Encryption.encrypt_overload_1.html
DotGrid.DotSec.RC2Encryption.encrypt_overload_2.html
DotGrid.DotSec.RC2Encryption.ExportKeyToFile.html
DotGrid.DotSec.RC2Encryption.StringToBinary.html
DotGrid.DotSec.RijndaelEncryption.html
DotGrid.DotSec.RijndaelEncryptionMembers.html
DotGrid.DotSec.RijndaelEncryptionConstructor.html
DotGrid.DotSec.RijndaelEncryptionConstructor1.html
DotGrid.DotSec.RijndaelEncryptionConstructor2.html
DotGrid.DotSec.RijndaelEncryptionConstructor3.html
DotGrid.DotSec.RijndaelEncryptionProperties.html
DotGrid.DotSec.RijndaelEncryption.Iv.html
DotGrid.DotSec.RijndaelEncryption.Key.html
DotGrid.DotSec.RijndaelEncryptionMethods.html
DotGrid.DotSec.RijndaelEncryption.Base64StringToBinary.html
DotGrid.DotSec.RijndaelEncryption.BinaryToBase64String.html
DotGrid.DotSec.RijndaelEncryption.BinaryToString.html
DotGrid.DotSec.RijndaelEncryption.decrypt.html
DotGrid.DotSec.RijndaelEncryption.encrypt_overloads.html
DotGrid.DotSec.RijndaelEncryption.encrypt_overload_1.html
DotGrid.DotSec.RijndaelEncryption.encrypt_overload_2.html
DotGrid.DotSec.RijndaelEncryption.ExportKeyToFile.html
DotGrid.DotSec.RijndaelEncryption.StringToBinary.html
DotGrid.DotSec.RSA.html
DotGrid.DotSec.RSAMembers.html
DotGrid.DotSec.RSAConstructor.html
DotGrid.DotSec.RSAConstructor1.html
DotGrid.DotSec.RSAConstructor2.html
DotGrid.DotSec.RSAConstructor3.html
DotGrid.DotSec.RSAConstructor4.html
DotGrid.DotSec.RSAProperties.html
DotGrid.DotSec.RSA.DPrivate.html
DotGrid.DotSec.RSA.EPublic.html
DotGrid.DotSec.RSA.N.html
DotGrid.DotSec.RSAMethods.html
DotGrid.DotSec.RSA.DecryptData.html
DotGrid.DotSec.RSA.EncryptData_overloads.html
DotGrid.DotSec.RSA.EncryptData_overload_1.html
DotGrid.DotSec.RSA.EncryptData_overload_2.html
DotGrid.DotSec.RSA.HashAndSign.html
DotGrid.DotSec.RSA.VerifyHash.html
DotGrid.DotSec.SecureBinaryReader.html
DotGrid.DotSec.SecureBinaryReaderMembers.html
DotGrid.DotSec.SecureBinaryReaderConstructor.html
DotGrid.DotSec.SecureBinaryReaderConstructor1.html
DotGrid.DotSec.SecureBinaryReaderConstructor2.html
DotGrid.DotSec.SecureBinaryReaderConstructor3.html
DotGrid.DotSec.SecureBinaryReaderProperties.html
DotGrid.DotSec.SecureBinaryReader.BaseSocket.html
DotGrid.DotSec.SecureBinaryReader.BaseStream.html
DotGrid.DotSec.SecureBinaryReader.IsSecure.html
DotGrid.DotSec.SecureBinaryReaderMethods.html
DotGrid.DotSec.SecureBinaryReader.Close.html
DotGrid.DotSec.SecureBinaryReader.Dispose.html
DotGrid.DotSec.SecureBinaryReader.FillBuffer.html
DotGrid.DotSec.SecureBinaryReader.PeekChar.html
DotGrid.DotSec.SecureBinaryReader.Read_overloads.html
DotGrid.DotSec.SecureBinaryReader.Read_overload_2.html
DotGrid.DotSec.SecureBinaryReader.Read_overload_4.html
DotGrid.DotSec.SecureBinaryReader.Read_overload_1.html
DotGrid.DotSec.SecureBinaryReader.Read_overload_3.html
DotGrid.DotSec.SecureBinaryReader.Read7BitEncodedInt.html
DotGrid.DotSec.SecureBinaryReader.ReadBoolean.html
DotGrid.DotSec.SecureBinaryReader.ReadByte.html
DotGrid.DotSec.SecureBinaryReader.ReadBytes.html
DotGrid.DotSec.SecureBinaryReader.ReadChar.html
DotGrid.DotSec.SecureBinaryReader.ReadChars.html
DotGrid.DotSec.SecureBinaryReader.ReadDecimal.html
DotGrid.DotSec.SecureBinaryReader.ReadDouble.html
DotGrid.DotSec.SecureBinaryReader.ReadInt16.html
DotGrid.DotSec.SecureBinaryReader.ReadInt32.html
DotGrid.DotSec.SecureBinaryReader.ReadInt64.html
DotGrid.DotSec.SecureBinaryReader.ReadSByte.html
DotGrid.DotSec.SecureBinaryReader.ReadSingle.html
DotGrid.DotSec.SecureBinaryReader.ReadString.html
DotGrid.DotSec.SecureBinaryReader.ReadUInt16.html
DotGrid.DotSec.SecureBinaryReader.ReadUInt32.html
DotGrid.DotSec.SecureBinaryReader.ReadUInt64.html
DotGrid.DotSec.SecureBinaryWriter.html
DotGrid.DotSec.SecureBinaryWriterMembers.html
DotGrid.DotSec.SecureBinaryWriterConstructor.html
DotGrid.DotSec.SecureBinaryWriterConstructor1.html
DotGrid.DotSec.SecureBinaryWriterConstructor2.html
DotGrid.DotSec.SecureBinaryWriterConstructor3.html
DotGrid.DotSec.SecureBinaryWriterFields.html
DotGrid.DotSec.SecureBinaryWriter.OutStream.html
DotGrid.DotSec.SecureBinaryWriterProperties.html
DotGrid.DotSec.SecureBinaryWriter.BaseStream.html
DotGrid.DotSec.SecureBinaryWriter.IsSecure.html
DotGrid.DotSec.SecureBinaryWriterMethods.html
DotGrid.DotSec.SecureBinaryWriter.Close.html
DotGrid.DotSec.SecureBinaryWriter.Dispose.html
DotGrid.DotSec.SecureBinaryWriter.Flush.html
DotGrid.DotSec.SecureBinaryWriter.Seek.html
DotGrid.DotSec.SecureBinaryWriter.Write_overloads.html
DotGrid.DotSec.SecureBinaryWriter.Write_overload_6.html
DotGrid.DotSec.SecureBinaryWriter.Write_overload_8.html
DotGrid.DotSec.SecureBinaryWriter.Write_overload_1.html
DotGrid.DotSec.SecureBinaryWriter.Write_overload_3.html
DotGrid.DotSec.SecureBinaryWriter.Write_overload_2.html
DotGrid.DotSec.SecureBinaryWriter.Write_overload_5.html
DotGrid.DotSec.SecureBinaryWriter.Write_overload_4.html
DotGrid.DotSec.SecureBinaryWriter.Write_overload_7.html
DotGrid.DotSec.TripleDESEncryption.html
DotGrid.DotSec.TripleDESEncryptionMembers.html
DotGrid.DotSec.TripleDESEncryptionConstructor.html
DotGrid.DotSec.TripleDESEncryptionConstructor1.html
DotGrid.DotSec.TripleDESEncryptionConstructor2.html
DotGrid.DotSec.TripleDESEncryptionConstructor3.html
DotGrid.DotSec.TripleDESEncryptionProperties.html
DotGrid.DotSec.TripleDESEncryption.Iv.html
DotGrid.DotSec.TripleDESEncryption.Key.html
DotGrid.DotSec.TripleDESEncryptionMethods.html
DotGrid.DotSec.TripleDESEncryption.Base64StringToBinary.html
DotGrid.DotSec.TripleDESEncryption.BinaryToBase64String.html
DotGrid.DotSec.TripleDESEncryption.BinaryToString.html
DotGrid.DotSec.TripleDESEncryption.decrypt.html
DotGrid.DotSec.TripleDESEncryption.encrypt_overloads.html
DotGrid.DotSec.TripleDESEncryption.encrypt_overload_1.html
DotGrid.DotSec.TripleDESEncryption.encrypt_overload_2.html
DotGrid.DotSec.TripleDESEncryption.ExportKeyToFile.html
DotGrid.DotSec.TripleDESEncryption.StringToBinary.html
DotGrid.DotSec.Permission.html
DotGrid.DotSec.PermissionHierarchy.html
DotGrid.DotSec.Permission.Permissions.html
DotGrid.DotSec.Permission.PermissionsMembers.html
DotGrid.DotSec.Permission.PermissionsConstructor.html
DotGrid.DotSec.Permission.PermissionsProperties.html
DotGrid.DotSec.Permission.Permissions.AspNetHostingPermission.html
DotGrid.DotSec.Permission.Permissions.Assertion.html
DotGrid.DotSec.Permission.Permissions.BindingRedirects.html
DotGrid.DotSec.Permission.Permissions.ControlAppDomain.html
DotGrid.DotSec.Permission.Permissions.ControlDomainPolicy.html
DotGrid.DotSec.Permission.Permissions.ControlEvidence.html
DotGrid.DotSec.Permission.Permissions.ControlPolicy.html
DotGrid.DotSec.Permission.Permissions.ControlPrincipal.html
DotGrid.DotSec.Permission.Permissions.ControlThread.html
DotGrid.DotSec.Permission.Permissions.DirectoryServicesPermission.html
DotGrid.DotSec.Permission.Permissions.DnsPermission.html
DotGrid.DotSec.Permission.Permissions.EnvironmentPermission.html
DotGrid.DotSec.Permission.Permissions.EventLogPermission.html
DotGrid.DotSec.Permission.Permissions.Execution.html
DotGrid.DotSec.Permission.Permissions.FileDialogPermission.html
DotGrid.DotSec.Permission.Permissions.FileIOPermission.html
DotGrid.DotSec.Permission.Permissions.Infrastructure.html
DotGrid.DotSec.Permission.Permissions.IsolatedStorageFilePermission.html
DotGrid.DotSec.Permission.Permissions.MessageQueuePermission.html
DotGrid.DotSec.Permission.Permissions.OdbcPermission.html
DotGrid.DotSec.Permission.Permissions.OleDbPermission.html
DotGrid.DotSec.Permission.Permissions.OraclePermission.html
DotGrid.DotSec.Permission.Permissions.PerformanceCounterPermission.html
DotGrid.DotSec.Permission.Permissions.PrincipalPermission.html
DotGrid.DotSec.Permission.Permissions.PrintingPermission.html
DotGrid.DotSec.Permission.Permissions.PublisherIdentityPermission.html
DotGrid.DotSec.Permission.Permissions.ReflectionPermission.html
DotGrid.DotSec.Permission.Permissions.RegistryPermission.html
DotGrid.DotSec.Permission.Permissions.RemotingConfiguration.html
DotGrid.DotSec.Permission.Permissions.SecurityPermission.html
DotGrid.DotSec.Permission.Permissions.SerializationFormatter.html
DotGrid.DotSec.Permission.Permissions.ServiceControllerPermission.html
DotGrid.DotSec.Permission.Permissions.SiteIdentityPermission.html
DotGrid.DotSec.Permission.Permissions.SkipVerification.html
DotGrid.DotSec.Permission.Permissions.SocketPermission.html
DotGrid.DotSec.Permission.Permissions.SqlClientPermission.html
DotGrid.DotSec.Permission.Permissions.StrongNameIdentityPermission.html
DotGrid.DotSec.Permission.Permissions.UIPermission.html
DotGrid.DotSec.Permission.Permissions.UnmanagedCode.html
DotGrid.DotSec.Permission.Permissions.UrlIdentityPermission.html
DotGrid.DotSec.Permission.Permissions.ZoneIdentityPermission.html
DotGrid.DotSec.Permission.PermissionsMethods.html
DotGrid.DotSec.Permission.Permissions.FromXml.html
DotGrid.DotSec.Permission.Permissions.ToXml.html
DotGrid.DotThreading.html
DotGrid.DotThreadingHierarchy.html
DotGrid.DotThreading.DotGridThreadClient.html
DotGrid.DotThreading.DotGridThreadClientMembers.html
DotGrid.DotThreading.DotGridThreadClientConstructor.html
DotGrid.DotThreading.DotGridThreadClientProperties.html
DotGrid.DotThreading.DotGridThreadClient.IsAlive.html
DotGrid.DotThreading.DotGridThreadClient.ReturnedObject.html
DotGrid.DotThreading.DotGridThreadClientMethods.html
DotGrid.DotThreading.DotGridThreadClient.Abort.html
DotGrid.DotThreading.DotGridThreadClient.Start.html
DotGrid.DotThreading.ModuleInfo.html
DotGrid.DotThreading.ModuleInfoMembers.html
DotGrid.DotThreading.ModuleInfoConstructor.html
DotGrid.DotThreading.ModuleInfoProperties.html
DotGrid.DotThreading.ModuleInfo.FullyQualifiedName.html
DotGrid.DotThreading.ModuleInfo.ScopeName.html
DotGrid.DotThreading.ThreadCollectionClient.html
DotGrid.DotThreading.ThreadCollectionClientMembers.html
DotGrid.DotThreading.ThreadCollectionClientConstructor.html
DotGrid.DotThreading.ThreadCollectionClientProperties.html
DotGrid.DotThreading.ThreadCollectionClient.IsAlive.html
DotGrid.DotThreading.ThreadCollectionClient.ReturnedObjects.html
DotGrid.DotThreading.ThreadCollectionClientMethods.html
DotGrid.DotThreading.ThreadCollectionClient.Abort.html
DotGrid.DotThreading.ThreadCollectionClient.Start.html
DotGrid.DotThreading.ThreadCollectionExecutor.html
DotGrid.DotThreading.ThreadCollectionExecutorMembers.html
DotGrid.DotThreading.ThreadCollectionExecutorConstructor.html
DotGrid.DotThreading.ThreadCollectionExecutorProperties.html
DotGrid.DotThreading.ThreadCollectionExecutor.Starts.html
DotGrid.DotThreading.ThreadCollectionExecutorMethods.html
DotGrid.DotThreading.ThreadCollectionExecutor.Run.html
DotGrid.DotThreading.ThreadCollectionExecutor.SetIsAborted.html
DotGrid.DotThreading.ThreadExecutor.html
DotGrid.DotThreading.ThreadExecutorMembers.html
DotGrid.DotThreading.ThreadExecutorConstructor.html
DotGrid.DotThreading.ThreadExecutorMethods.html
DotGrid.DotThreading.ThreadExecutor.ExecuteThread.html
DotGrid.DotThreading.ThreadExecutor.InitializeLifetimeService.html
DotGrid.DotThreading.ThreadInfo.html
DotGrid.DotThreading.ThreadInfoMembers.html
DotGrid.DotThreading.ThreadInfoConstructor.html
DotGrid.DotThreading.ThreadInfoProperties.html
DotGrid.DotThreading.ThreadInfo.GUID.html
DotGrid.DotThreading.ThreadInfo.Modules.html
DotGrid.DotThreading.ThreadInfo.Obj.html
DotGrid.DotThreading.ThreadInfo.Start.html
DotGrid.gDSM.html
DotGrid.gDSMHierarchy.html
DotGrid.gDSM.ConsistencyModel.html
DotGrid.gDSM.ConsistencyModelMembers.html
DotGrid.gDSM.ConsistencyModelProperties.html
DotGrid.gDSM.ConsistencyModel.Guid.html
DotGrid.gDSM.ConsistencyModel.Locked.html
DotGrid.gDSM.ConsistencyModel.Readable.html
DotGrid.gDSM.ConsistencyModel.Writable.html
DotGrid.gDSM.ConsistencyModelMethods.html
DotGrid.gDSM.ConsistencyModel.Lock.html
DotGrid.gDSM.ConsistencyModel.Read.html
DotGrid.gDSM.ConsistencyModel.Unlock.html
DotGrid.gDSM.ConsistencyModel.Write.html
DotGrid.gDSM.gDsmClient.html
DotGrid.gDSM.gDsmClientMembers.html
DotGrid.gDSM.gDsmClientConstructor.html
DotGrid.gDSM.gDsmClientProperties.html
DotGrid.gDSM.gDsmClient.GUID.html
DotGrid.gDSM.SharedObjectInfo.html
DotGrid.gDSM.SharedObjectInfoMembers.html
DotGrid.gDSM.SharedObjectInfoConstructor.html
DotGrid.gDSM.SharedObjectInfoProperties.html
DotGrid.gDSM.SharedObjectInfo.Access.html
DotGrid.gDSM.SharedObjectInfo.GUID.html
DotGrid.gDSM.SharedObjectInfo.IsLocked.html
DotGrid.gDSM.SharedObjectInfo.Nodes.html
DotGrid.gDSM.SharedObjectInfo.NodeUsers.html
DotGrid.gDSM.SharedObjectInfo.Owner.html
DotGrid.gDSM.SharedObjectInfo.SharedObject.html
DotGrid.gDSM.SharedObjectInfoMethods.html
DotGrid.gDSM.SharedObjectInfo.AddNode.html
DotGrid.gDSM.SharedObjectInfo.RemoveNode.html
DotGrid.Net.html
DotGrid.NetHierarchy.html
DotGrid.Net.DotGridSocket.html
DotGrid.Net.DotGridSocketMembers.html
DotGrid.Net.DotGridSocketConstructor.html
DotGrid.Net.DotGridSocketConstructor1.html
DotGrid.Net.DotGridSocketConstructor2.html
DotGrid.Net.DotGridSocketConstructor3.html
DotGrid.Net.DotGridSocketProperties.html
DotGrid.Net.DotGridSocket.BaseSocket.html
DotGrid.Net.DotGridSocket.BaseStream.html
DotGrid.Net.DotGridSocket.IsSecure.html
DotGrid.Net.DotGridSocketMethods.html
DotGrid.Net.DotGridSocket.CheckExceptionResponse.html
DotGrid.Net.DotGridSocket.Close.html
DotGrid.Net.DotGridSocket.Read_overloads.html
DotGrid.Net.DotGridSocket.Read_overload_1.html
DotGrid.Net.DotGridSocket.Read_overload_2.html
DotGrid.Net.DotGridSocket.ReadByte.html
DotGrid.Net.DotGridSocket.ReadObject.html
DotGrid.Net.DotGridSocket.Write_overloads.html
DotGrid.Net.DotGridSocket.Write_overload_2.html
DotGrid.Net.DotGridSocket.Write_overload_1.html
DotGrid.Net.DotGridSocket.WriteByte.html
DotGrid.Net.DotGridSocket.WriteException.html
DotGrid.Net.DotGridSocket.WriteNoException.html
DotGrid.Net.DotGridSocket.WriteObject.html
DotGrid.Serialization.html
DotGrid.SerializationHierarchy.html
DotGrid.Serialization.SerializeDeserialize.html
DotGrid.Serialization.SerializeDeserializeMembers.html
DotGrid.Serialization.SerializeDeserializeConstructor.html
DotGrid.Serialization.SerializeDeserializeMethods.html
DotGrid.Serialization.SerializeDeserialize.DeSerialize.html
DotGrid.Serialization.SerializeDeserialize.Serialize.html
DotGrid.Shared.Enums.html
DotGrid.Shared.EnumsHierarchy.html
DotGrid.Shared.Enums.ClientAuthenticationError.html
DotGrid.Shared.Enums.DotGridThreadServerMode.html
DotGrid.Shared.Enums.DotRemoteProcessMethod.html
DotGrid.Shared.Enums.EMode.html
DotGrid.Shared.Enums.Encryption.html
DotGrid.Shared.Enums.eXception.html
DotGrid.Shared.Enums.DotDFS.html
DotGrid.Shared.Enums.DotDFSHierarchy.html
DotGrid.Shared.Enums.DotDFS.CanSeekEnum.html
DotGrid.Shared.Enums.DotDFS.DirectoryMovementMethods.html
DotGrid.Shared.Enums.DotDFS.LongMode.html
DotGrid.Shared.Enums.DotDFS.Method.html
DotGrid.Shared.Enums.DotDFS.PathEncoding.html
DotGrid.Shared.Enums.DotDFS.PathMode.html
DotGrid.Shared.Enums.DotDFS.RWMode.html
DotGrid.Shared.Enums.DotDFS.TransferChannelMode.html
DotGrid.Shared.Enums.DotDFS.TransferMode.html
DotGrid.Shared.Enums.gDsm.html
DotGrid.Shared.Enums.gDsmHierarchy.html
DotGrid.Shared.Enums.gDsm.gDsmMethods.html
DotGrid.Shared.Headers.html
DotGrid.Shared.HeadersHierarchy.html
DotGrid.Shared.Headers.ExceptionHandlingHeader.html
DotGrid.Shared.Headers.ExceptionHandlingHeaderMembers.html
DotGrid.Shared.Headers.ExceptionHandlingHeaderConstructor.html
DotGrid.Shared.Headers.ExceptionHandlingHeaderProperties.html
DotGrid.Shared.Headers.ExceptionHandlingHeader.Buffer.html
DotGrid.Shared.Headers.RSAPublicHeader.html
DotGrid.Shared.Headers.RSAPublicHeaderMembers.html
DotGrid.Shared.Headers.RSAPublicHeaderConstructor.html
DotGrid.Shared.Headers.RSAPublicHeaderProperties.html
DotGrid.Shared.Headers.RSAPublicHeader.Buffer.html
DotGrid.Shared.Headers.SharedKeyHeader.html
DotGrid.Shared.Headers.SharedKeyHeaderMembers.html
DotGrid.Shared.Headers.SharedKeyHeaderConstructor.html
DotGrid.Shared.Headers.SharedKeyHeaderProperties.html
DotGrid.Shared.Headers.SharedKeyHeader.Buffer.html
DotGrid.Shared.Headers.DotDFS.html
DotGrid.Shared.Headers.DotDFSHierarchy.html
DotGrid.Shared.Headers.DotDFS.ExceptionHandlingHeader.html
DotGrid.Shared.Headers.DotDFS.ExceptionHandlingHeaderMembers.html
DotGrid.Shared.Headers.DotDFS.ExceptionHandlingHeaderConstructor.html
DotGrid.Shared.Headers.DotDFS.ExceptionHandlingHeaderProperties.html
DotGrid.Shared.Headers.DotDFS.ExceptionHandlingHeader.Buffer.html
DotGrid.Shared.Headers.DotDFS.FileStreamHeader.html
DotGrid.Shared.Headers.DotDFS.FileStreamHeaderMembers.html
DotGrid.Shared.Headers.DotDFS.FileStreamHeaderConstructor.html
DotGrid.Shared.Headers.DotDFS.FileStreamHeaderProperties.html
DotGrid.Shared.Headers.DotDFS.FileStreamHeader.Buffer.html
DotGrid.Shared.Headers.DotDFS.FileStreamHeader.FileAccess.html
DotGrid.Shared.Headers.DotDFS.FileStreamHeader.FileMode.html
DotGrid.Shared.Headers.DotDFS.FileStreamHeader.FileShare.html
DotGrid.Shared.Headers.DotDFS.FileStreamHeader.Path.html
DotGrid.Shared.Headers.DotDFS.FileStreamHeader.PathEncoding.html
DotGrid.Shared.Headers.DotDFS.FileStreamHeaderMethods.html
DotGrid.Shared.Headers.DotDFS.FileStreamHeader.GetHeader.html
DotGrid.Shared.Headers.DotDFS.LockUnlockHeader.html
DotGrid.Shared.Headers.DotDFS.LockUnlockHeaderMembers.html
DotGrid.Shared.Headers.DotDFS.LockUnlockHeaderConstructor.html
DotGrid.Shared.Headers.DotDFS.LockUnlockHeaderProperties.html
DotGrid.Shared.Headers.DotDFS.LockUnlockHeader.Buffer.html
DotGrid.Shared.Headers.DotDFS.LongValueHeader.html
DotGrid.Shared.Headers.DotDFS.LongValueHeaderMembers.html
DotGrid.Shared.Headers.DotDFS.LongValueHeaderConstructor.html
DotGrid.Shared.Headers.DotDFS.LongValueHeaderProperties.html
DotGrid.Shared.Headers.DotDFS.LongValueHeader.Buffer.html
DotGrid.Shared.Headers.DotDFS.LongValueHeaderMethods.html
DotGrid.Shared.Headers.DotDFS.LongValueHeader.GetBytesOfLongNumber.html
DotGrid.Shared.Headers.DotDFS.LongValueHeader.GetBytesOfLongNumberForGridFTPMode.html
DotGrid.Shared.Headers.DotDFS.LongValueHeader.GetLongNumberFromBytes.html
DotGrid.Shared.Headers.DotDFS.LongValueHeader.GetLongNumberFromBytesForGridFTPMode.html
DotGrid.Shared.Headers.DotDFS.ReadWriteHeader.html
DotGrid.Shared.Headers.DotDFS.ReadWriteHeaderMembers.html
DotGrid.Shared.Headers.DotDFS.ReadWriteHeaderConstructor.html
DotGrid.Shared.Headers.DotDFS.ReadWriteHeaderProperties.html
DotGrid.Shared.Headers.DotDFS.ReadWriteHeader.Buffer.html
DotGrid.Shared.Headers.DotDFS.RSAPublicHeader.html
DotGrid.Shared.Headers.DotDFS.RSAPublicHeaderMembers.html
DotGrid.Shared.Headers.DotDFS.RSAPublicHeaderConstructor.html
DotGrid.Shared.Headers.DotDFS.RSAPublicHeaderProperties.html
DotGrid.Shared.Headers.DotDFS.RSAPublicHeader.Buffer.html
DotGrid.Shared.Headers.DotDFS.SeekHeader.html
DotGrid.Shared.Headers.DotDFS.SeekHeaderMembers.html
DotGrid.Shared.Headers.DotDFS.SeekHeaderConstructor.html
DotGrid.Shared.Headers.DotDFS.SeekHeaderProperties.html
DotGrid.Shared.Headers.DotDFS.SeekHeader.Buffer.html
DotGrid.Shared.Headers.DotDFS.SetLengthHeader.html
DotGrid.Shared.Headers.DotDFS.SetLengthHeaderMembers.html
DotGrid.Shared.Headers.DotDFS.SetLengthHeaderConstructor.html
DotGrid.Shared.Headers.DotDFS.SetLengthHeaderProperties.html
DotGrid.Shared.Headers.DotDFS.SetLengthHeader.Buffer.html
Compiling HTML Help file...
Compiling Html Help file
Microsoft HTML Help Compiler 4.74.8702

Compiling d:\My .NET Projects\DotGrid\DotGrid Framework SDK Documentation\doc\ndoc_msdn_temp\DotGrid Framework SDK Documentation.chm


Compile time: 0 minutes, 2 seconds
1,112	Topics
3,233	Local links
0	Internet links
5	Graphics


Created d:\My .NET Projects\DotGrid\DotGrid Framework SDK Documentation\doc\ndoc_msdn_temp\DotGrid Framework SDK Documentation.chm, 289,709 bytes
Compression decreased file by 1,699,608 bytes.

Html Help compile complete
Done.
